<?xml version="1.0" encoding="UTF-8"?>
<!-- Generated by org.testng.reporters.JUnitReportReporter -->
<testsuite hostname="DESKTOP-JTGVUHG" failures="0" tests="1" name="Purchase" time="7.099" errors="0" timestamp="2022-05-23T15:38:10 MSK" skipped="0">
  <testcase classname="Purchase" name="shouldBuyLabsBoltTshirt" time="7.099"/>
</testsuite> <!-- Purchase -->
